
SQL*Loader: Release 12.2.0.1.0 - Production on Fri Mar 9 18:33:42 2018

Copyright (c) 1982, 2017, Oracle and/or its affiliates.  All rights reserved.

Control File:   Control/ctl_lista_precios.ctl
Data File:      /home/douglas/Documentos/Bases/Datos/LISTA_PRECIOS.txt
  Bad File:     BAD/bad_lista_precios.bad
  Discard File: DISCARD/dis_lista_precios.dsc 
 (Allow all discards)

Number to load: ALL
Number to skip: 2
Errors allowed: 50
Bind array:     64 rows, maximum of 256000 bytes
Continuation:    none specified
Path used:      Conventional

Table LISTA_PRECIOS, loaded from every logical record.
Insert option in effect for this table: INSERT
TRAILING NULLCOLS option in effect

   Column Name                  Position   Len  Term Encl Datatype
------------------------------ ---------- ----- ---- ---- ---------------------
LP_FARMACIA                          1:10    10           CHARACTER            
    SQL string for column : "TRIM(:lp_farmacia)"
LP_MEDICINA                         12:21    10           CHARACTER            
    SQL string for column : "TRIM(:lp_medicina)"
LP_PRECIO                           23:32    10           CHARACTER            
    SQL string for column : "TRIM(:lp_precio)"


Table LISTA_PRECIOS:
  4 Rows successfully loaded.
  0 Rows not loaded due to data errors.
  0 Rows not loaded because all WHEN clauses were failed.
  0 Rows not loaded because all fields were null.


Space allocated for bind array:                   2304 bytes(64 rows)
Read   buffer bytes: 1048576

Total logical records skipped:          2
Total logical records read:             4
Total logical records rejected:         0
Total logical records discarded:        0

Run began on Fri Mar 09 18:33:42 2018
Run ended on Fri Mar 09 18:33:42 2018

Elapsed time was:     00:00:00.24
CPU time was:         00:00:00.02
