
SQL*Loader: Release 12.2.0.1.0 - Production on Sun Mar 4 14:58:18 2018

Copyright (c) 1982, 2017, Oracle and/or its affiliates.  All rights reserved.

Control File:   ctl_farmacia.ctl
Data File:      /home/douglas/Documentos/Bases/Datos/FARMACIAS.txt
  Bad File:     BAD/bad_farmacia.bad
  Discard File: DISCARD/dis_famacia.dsc 
 (Allow all discards)

Number to load: ALL
Number to skip: 2
Errors allowed: 50
Bind array:     64 rows, maximum of 256000 bytes
Continuation:    none specified
Path used:      Conventional

Table FARMACIA, loaded from every logical record.
Insert option in effect for this table: INSERT
TRAILING NULLCOLS option in effect

   Column Name                  Position   Len  Term Encl Datatype
------------------------------ ---------- ----- ---- ---- ---------------------
FM_ID                                1:10    10           CHARACTER            
    SQL string for column : "TRIM(:fm_id)"
FM_NOMBRE                           12:32    21           CHARACTER            
    SQL string for column : "TRIM(:fm_nombre)"
FM_DIRECCION                        34:61    28           CHARACTER            
    SQL string for column : "TRIM(:fm_direccion)"
FM_TELEFONO                         63:71     9           CHARACTER            
    SQL string for column : "TRIM(:fm_telefono)"


Table FARMACIA:
  1 Row successfully loaded.
  0 Rows not loaded due to data errors.
  0 Rows not loaded because all WHEN clauses were failed.
  0 Rows not loaded because all fields were null.


Space allocated for bind array:                   4992 bytes(64 rows)
Read   buffer bytes: 1048576

Total logical records skipped:          2
Total logical records read:             1
Total logical records rejected:         0
Total logical records discarded:        0

Run began on Sun Mar 04 14:58:18 2018
Run ended on Sun Mar 04 14:58:18 2018

Elapsed time was:     00:00:00.24
CPU time was:         00:00:00.03
