
SQL*Loader: Release 12.2.0.1.0 - Production on Fri Mar 9 18:33:42 2018

Copyright (c) 1982, 2017, Oracle and/or its affiliates.  All rights reserved.

Control File:   Control/ctl_prescripciones.ctl
Data File:      /home/douglas/Documentos/Bases/Datos/PRESCRIPCIONES.txt
  Bad File:     BAD/bad_prescripciones.bad
  Discard File: DISCARD/dis_prescripciones.dsc 
 (Allow all discards)

Number to load: ALL
Number to skip: 2
Errors allowed: 50
Bind array:     64 rows, maximum of 256000 bytes
Continuation:    none specified
Path used:      Conventional

Table PRESCRIPCION, loaded from every logical record.
Insert option in effect for this table: INSERT
TRAILING NULLCOLS option in effect

   Column Name                  Position   Len  Term Encl Datatype
------------------------------ ---------- ----- ---- ---- ---------------------
PR_PACIENTE                          1:10    10           CHARACTER            
    SQL string for column : "TRIM(:pr_paciente)"
PR_DOCTOR                           12:21    10           CHARACTER            
    SQL string for column : "TRIM(:pr_doctor)"
PR_MEDICINA                         23:32    10           CHARACTER            
    SQL string for column : "TRIM(:pr_medicina)"
PR_FECHA                            34:43    10           CHARACTER            
    SQL string for column : "TO_DATE(NVL(:pr_fecha,TO_CHAR(SYSDATE,'YYYY/MM/DD')), 'YYYY/MM/DD', 'NLS_DATE_LANGUAGE=ENGLISH')"
PR_CANTIDAD                         45:54    10           CHARACTER            
    SQL string for column : "TRIM(:pr_cantidad)"

Record 5: Discarded - all columns null.

Table PRESCRIPCION:
  4 Rows successfully loaded.
  0 Rows not loaded due to data errors.
  0 Rows not loaded because all WHEN clauses were failed.
  1 Row not loaded because all fields were null.


Space allocated for bind array:                   3840 bytes(64 rows)
Read   buffer bytes: 1048576

Total logical records skipped:          2
Total logical records read:             5
Total logical records rejected:         0
Total logical records discarded:        1

Run began on Fri Mar 09 18:33:42 2018
Run ended on Fri Mar 09 18:33:42 2018

Elapsed time was:     00:00:00.26
CPU time was:         00:00:00.03
