
SQL*Loader: Release 12.2.0.1.0 - Production on Fri Mar 9 18:33:41 2018

Copyright (c) 1982, 2017, Oracle and/or its affiliates.  All rights reserved.

Control File:   Control/ctl_laboratorio.ctl
Data File:      /home/douglas/Documentos/Bases/Datos/LABORATORIOS.txt
  Bad File:     BAD/bad_laboratorio.bad
  Discard File: DISCARD/dis_farmacia.dsc 
 (Allow all discards)

Number to load: ALL
Number to skip: 2
Errors allowed: 50
Bind array:     64 rows, maximum of 256000 bytes
Continuation:    none specified
Path used:      Conventional

Table LABORATORIO, loaded from every logical record.
Insert option in effect for this table: INSERT
TRAILING NULLCOLS option in effect

   Column Name                  Position   Len  Term Encl Datatype
------------------------------ ---------- ----- ---- ---- ---------------------
LB_ID                                1:10    10           CHARACTER            
    SQL string for column : "TRIM(:lb_id)"
LB_NOMBRE                           12:32    21           CHARACTER            
    SQL string for column : "TRIM(:lb_nombre)"
LB_TELEFONO                         34:42     9           CHARACTER            
    SQL string for column : "TRIM(:lb_telefono)"


Table LABORATORIO:
  5 Rows successfully loaded.
  0 Rows not loaded due to data errors.
  0 Rows not loaded because all WHEN clauses were failed.
  0 Rows not loaded because all fields were null.


Space allocated for bind array:                   3072 bytes(64 rows)
Read   buffer bytes: 1048576

Total logical records skipped:          2
Total logical records read:             5
Total logical records rejected:         0
Total logical records discarded:        0

Run began on Fri Mar 09 18:33:41 2018
Run ended on Fri Mar 09 18:33:41 2018

Elapsed time was:     00:00:00.27
CPU time was:         00:00:00.03
